mode: set
kubevirt.io/vm-file-restore-operator/internal/controller/errors.go:13.42,15.2 1 0
kubevirt.io/vm-file-restore-operator/internal/controller/errors.go:18.41,20.2 1 0
kubevirt.io/vm-file-restore-operator/internal/controller/errors.go:23.34,26.2 2 0
kubevirt.io/vm-file-restore-operator/internal/controller/errors.go:29.41,31.2 1 0
kubevirt.io/vm-file-restore-operator/internal/controller/errors.go:34.57,35.14 1 0
kubevirt.io/vm-file-restore-operator/internal/controller/errors.go:36.11,37.18 1 0
kubevirt.io/vm-file-restore-operator/internal/controller/errors.go:37.18,40.4 2 0
kubevirt.io/vm-file-restore-operator/internal/controller/errors.go:41.3,41.14 1 0
kubevirt.io/vm-file-restore-operator/internal/controller/errors.go:42.11,43.23 1 0
kubevirt.io/vm-file-restore-operator/internal/controller/errors.go:44.11,45.30 1 0
kubevirt.io/vm-file-restore-operator/internal/controller/hotplug.go:24.42,25.18 1 1
kubevirt.io/vm-file-restore-operator/internal/controller/hotplug.go:25.18,26.50 1 0
kubevirt.io/vm-file-restore-operator/internal/controller/hotplug.go:28.2,28.28 1 1
kubevirt.io/vm-file-restore-operator/internal/controller/hotplug.go:33.136,38.52 3 0
kubevirt.io/vm-file-restore-operator/internal/controller/hotplug.go:38.52,39.72 1 0
kubevirt.io/vm-file-restore-operator/internal/controller/hotplug.go:39.72,41.4 1 0
kubevirt.io/vm-file-restore-operator/internal/controller/hotplug.go:45.2,47.52 3 0
kubevirt.io/vm-file-restore-operator/internal/controller/hotplug.go:47.52,48.29 1 0
kubevirt.io/vm-file-restore-operator/internal/controller/hotplug.go:48.29,50.9 2 0
kubevirt.io/vm-file-restore-operator/internal/controller/hotplug.go:53.2,53.66 1 0
kubevirt.io/vm-file-restore-operator/internal/controller/hotplug.go:53.66,54.30 1 0
kubevirt.io/vm-file-restore-operator/internal/controller/hotplug.go:54.30,56.9 2 0
kubevirt.io/vm-file-restore-operator/internal/controller/hotplug.go:60.2,60.32 1 0
kubevirt.io/vm-file-restore-operator/internal/controller/hotplug.go:60.32,63.3 1 0
kubevirt.io/vm-file-restore-operator/internal/controller/hotplug.go:64.2,64.32 1 0
kubevirt.io/vm-file-restore-operator/internal/controller/hotplug.go:64.32,70.3 2 0
kubevirt.io/vm-file-restore-operator/internal/controller/hotplug.go:73.2,75.33 2 0
kubevirt.io/vm-file-restore-operator/internal/controller/hotplug.go:75.33,78.25 2 0
kubevirt.io/vm-file-restore-operator/internal/controller/hotplug.go:78.25,80.4 1 0
kubevirt.io/vm-file-restore-operator/internal/controller/hotplug.go:81.3,81.37 1 0
kubevirt.io/vm-file-restore-operator/internal/controller/hotplug.go:81.37,83.4 1 0
kubevirt.io/vm-file-restore-operator/internal/controller/hotplug.go:86.3,93.4 1 0
kubevirt.io/vm-file-restore-operator/internal/controller/hotplug.go:94.8,94.45 1 0
kubevirt.io/vm-file-restore-operator/internal/controller/hotplug.go:94.45,100.30 5 0
kubevirt.io/vm-file-restore-operator/internal/controller/hotplug.go:100.30,102.4 1 0
kubevirt.io/vm-file-restore-operator/internal/controller/hotplug.go:103.3,107.59 2 0
kubevirt.io/vm-file-restore-operator/internal/controller/hotplug.go:107.59,109.4 1 0
kubevirt.io/vm-file-restore-operator/internal/controller/hotplug.go:112.3,113.143 2 0
kubevirt.io/vm-file-restore-operator/internal/controller/hotplug.go:113.143,114.70 1 0
kubevirt.io/vm-file-restore-operator/internal/controller/hotplug.go:114.70,117.5 2 0
kubevirt.io/vm-file-restore-operator/internal/controller/hotplug.go:118.9,120.4 1 0
kubevirt.io/vm-file-restore-operator/internal/controller/hotplug.go:123.3,150.48 2 0
kubevirt.io/vm-file-restore-operator/internal/controller/hotplug.go:150.48,151.36 1 0
kubevirt.io/vm-file-restore-operator/internal/controller/hotplug.go:151.36,153.5 1 0
kubevirt.io/vm-file-restore-operator/internal/controller/hotplug.go:157.3,158.109 2 0
kubevirt.io/vm-file-restore-operator/internal/controller/hotplug.go:158.109,160.4 1 0
kubevirt.io/vm-file-restore-operator/internal/controller/hotplug.go:161.3,161.49 1 0
kubevirt.io/vm-file-restore-operator/internal/controller/hotplug.go:161.49,164.4 1 0
kubevirt.io/vm-file-restore-operator/internal/controller/hotplug.go:166.3,173.4 1 0
kubevirt.io/vm-file-restore-operator/internal/controller/hotplug.go:174.8,174.43 1 0
kubevirt.io/vm-file-restore-operator/internal/controller/hotplug.go:174.43,176.3 1 0
kubevirt.io/vm-file-restore-operator/internal/controller/hotplug.go:176.8,178.3 1 0
kubevirt.io/vm-file-restore-operator/internal/controller/hotplug.go:181.2,203.42 5 0
kubevirt.io/vm-file-restore-operator/internal/controller/hotplug.go:203.42,205.3 1 0
kubevirt.io/vm-file-restore-operator/internal/controller/hotplug.go:207.2,207.12 1 0
kubevirt.io/vm-file-restore-operator/internal/controller/hotplug.go:212.135,217.52 3 0
kubevirt.io/vm-file-restore-operator/internal/controller/hotplug.go:217.52,218.29 1 0
kubevirt.io/vm-file-restore-operator/internal/controller/hotplug.go:218.29,220.4 1 0
kubevirt.io/vm-file-restore-operator/internal/controller/hotplug.go:222.2,226.66 3 0
kubevirt.io/vm-file-restore-operator/internal/controller/hotplug.go:226.66,227.30 1 0
kubevirt.io/vm-file-restore-operator/internal/controller/hotplug.go:227.30,229.4 1 0
kubevirt.io/vm-file-restore-operator/internal/controller/hotplug.go:231.2,234.42 2 0
kubevirt.io/vm-file-restore-operator/internal/controller/hotplug.go:234.42,236.3 1 0
kubevirt.io/vm-file-restore-operator/internal/controller/hotplug.go:239.2,239.38 1 0
kubevirt.io/vm-file-restore-operator/internal/controller/hotplug.go:239.38,246.75 2 0
kubevirt.io/vm-file-restore-operator/internal/controller/hotplug.go:246.75,248.4 1 0
kubevirt.io/vm-file-restore-operator/internal/controller/hotplug.go:251.2,251.12 1 0
kubevirt.io/vm-file-restore-operator/internal/controller/keypair.go:25.85,41.38 5 1
kubevirt.io/vm-file-restore-operator/internal/controller/keypair.go:41.38,43.3 1 1
kubevirt.io/vm-file-restore-operator/internal/controller/keypair.go:46.2,46.102 1 1
kubevirt.io/vm-file-restore-operator/internal/controller/keypair.go:46.102,48.23 1 1
kubevirt.io/vm-file-restore-operator/internal/controller/keypair.go:48.23,49.71 1 1
kubevirt.io/vm-file-restore-operator/internal/controller/keypair.go:49.71,51.5 1 0
kubevirt.io/vm-file-restore-operator/internal/controller/keypair.go:53.3,53.19 1 1
kubevirt.io/vm-file-restore-operator/internal/controller/keypair.go:53.19,54.74 1 0
kubevirt.io/vm-file-restore-operator/internal/controller/keypair.go:54.74,56.5 1 0
kubevirt.io/vm-file-restore-operator/internal/controller/keypair.go:62.2,62.55 1 1
kubevirt.io/vm-file-restore-operator/internal/controller/keypair.go:62.55,64.3 1 0
kubevirt.io/vm-file-restore-operator/internal/controller/keypair.go:65.2,65.47 1 1
kubevirt.io/vm-file-restore-operator/internal/controller/keypair.go:65.47,67.3 1 0
kubevirt.io/vm-file-restore-operator/internal/controller/keypair.go:70.2,71.16 2 1
kubevirt.io/vm-file-restore-operator/internal/controller/keypair.go:71.16,73.3 1 0
kubevirt.io/vm-file-restore-operator/internal/controller/keypair.go:76.2,77.16 2 1
kubevirt.io/vm-file-restore-operator/internal/controller/keypair.go:77.16,79.3 1 0
kubevirt.io/vm-file-restore-operator/internal/controller/keypair.go:80.2,84.16 3 1
kubevirt.io/vm-file-restore-operator/internal/controller/keypair.go:84.16,86.3 1 0
kubevirt.io/vm-file-restore-operator/internal/controller/keypair.go:87.2,101.49 3 1
kubevirt.io/vm-file-restore-operator/internal/controller/keypair.go:101.49,103.3 1 0
kubevirt.io/vm-file-restore-operator/internal/controller/keypair.go:106.2,116.52 2 1
kubevirt.io/vm-file-restore-operator/internal/controller/keypair.go:116.52,118.3 1 0
kubevirt.io/vm-file-restore-operator/internal/controller/keypair.go:120.2,120.12 1 1
kubevirt.io/vm-file-restore-operator/internal/controller/network.go:15.107,17.16 1 1
kubevirt.io/vm-file-restore-operator/internal/controller/network.go:17.16,19.3 1 1
kubevirt.io/vm-file-restore-operator/internal/controller/network.go:22.2,22.46 1 1
kubevirt.io/vm-file-restore-operator/internal/controller/network.go:22.46,23.48 1 1
kubevirt.io/vm-file-restore-operator/internal/controller/network.go:23.48,25.4 1 1
kubevirt.io/vm-file-restore-operator/internal/controller/network.go:29.2,29.46 1 1
kubevirt.io/vm-file-restore-operator/internal/controller/network.go:29.46,30.21 1 1
kubevirt.io/vm-file-restore-operator/internal/controller/network.go:30.21,32.4 1 1
kubevirt.io/vm-file-restore-operator/internal/controller/network.go:36.2,37.16 2 1
kubevirt.io/vm-file-restore-operator/internal/controller/network.go:37.16,39.3 1 1
kubevirt.io/vm-file-restore-operator/internal/controller/network.go:41.2,41.28 1 1
kubevirt.io/vm-file-restore-operator/internal/controller/network.go:41.28,43.3 1 0
kubevirt.io/vm-file-restore-operator/internal/controller/network.go:45.2,45.30 1 1
kubevirt.io/vm-file-restore-operator/internal/controller/network.go:49.110,56.16 3 1
kubevirt.io/vm-file-restore-operator/internal/controller/network.go:56.16,58.3 1 0
kubevirt.io/vm-file-restore-operator/internal/controller/network.go:61.2,61.31 1 1
kubevirt.io/vm-file-restore-operator/internal/controller/network.go:61.31,62.61 1 1
kubevirt.io/vm-file-restore-operator/internal/controller/network.go:62.61,63.31 1 1
kubevirt.io/vm-file-restore-operator/internal/controller/network.go:63.31,65.5 1 1
kubevirt.io/vm-file-restore-operator/internal/controller/network.go:69.2,69.94 1 1
kubevirt.io/vm-file-restore-operator/internal/controller/os.go:11.86,13.28 1 1
kubevirt.io/vm-file-restore-operator/internal/controller/os.go:13.28,14.97 1 1
kubevirt.io/vm-file-restore-operator/internal/controller/os.go:14.97,15.67 1 1
kubevirt.io/vm-file-restore-operator/internal/controller/os.go:15.67,17.5 1 1
kubevirt.io/vm-file-restore-operator/internal/controller/os.go:18.4,18.29 1 1
kubevirt.io/vm-file-restore-operator/internal/controller/os.go:23.2,23.39 1 1
kubevirt.io/vm-file-restore-operator/internal/controller/os.go:23.39,24.80 1 1
kubevirt.io/vm-file-restore-operator/internal/controller/os.go:24.80,26.4 1 1
kubevirt.io/vm-file-restore-operator/internal/controller/os.go:27.3,27.28 1 0
kubevirt.io/vm-file-restore-operator/internal/controller/os.go:31.2,31.27 1 1
kubevirt.io/vm-file-restore-operator/internal/controller/os.go:35.48,36.25 1 1
kubevirt.io/vm-file-restore-operator/internal/controller/os.go:36.25,38.3 1 1
kubevirt.io/vm-file-restore-operator/internal/controller/os.go:39.2,39.40 1 1
kubevirt.io/vm-file-restore-operator/internal/controller/phases.go:41.71,42.15 1 0
kubevirt.io/vm-file-restore-operator/internal/controller/phases.go:43.43,44.25 1 0
kubevirt.io/vm-file-restore-operator/internal/controller/phases.go:45.40,46.32 1 0
kubevirt.io/vm-file-restore-operator/internal/controller/phases.go:47.47,48.41 1 0
kubevirt.io/vm-file-restore-operator/internal/controller/phases.go:49.56,50.34 1 0
kubevirt.io/vm-file-restore-operator/internal/controller/phases.go:51.49,52.30 1 0
kubevirt.io/vm-file-restore-operator/internal/controller/phases.go:53.45,54.32 1 0
kubevirt.io/vm-file-restore-operator/internal/controller/phases.go:55.47,56.32 1 0
kubevirt.io/vm-file-restore-operator/internal/controller/phases.go:57.43,58.28 1 0
kubevirt.io/vm-file-restore-operator/internal/controller/phases.go:59.10,60.13 1 0
kubevirt.io/vm-file-restore-operator/internal/controller/phases.go:65.208,76.67 5 0
kubevirt.io/vm-file-restore-operator/internal/controller/phases.go:76.67,79.3 2 0
kubevirt.io/vm-file-restore-operator/internal/controller/phases.go:82.2,82.105 1 0
kubevirt.io/vm-file-restore-operator/internal/controller/phases.go:82.105,85.3 2 0
kubevirt.io/vm-file-restore-operator/internal/controller/phases.go:88.2,88.59 1 0
kubevirt.io/vm-file-restore-operator/internal/controller/phases.go:88.59,93.3 2 0
kubevirt.io/vm-file-restore-operator/internal/controller/phases.go:96.2,103.52 3 0
kubevirt.io/vm-file-restore-operator/internal/controller/phases.go:103.52,105.3 1 0
kubevirt.io/vm-file-restore-operator/internal/controller/phases.go:106.2,108.40 2 0
kubevirt.io/vm-file-restore-operator/internal/controller/phases.go:113.205,116.31 2 0
kubevirt.io/vm-file-restore-operator/internal/controller/phases.go:116.31,118.3 1 0
kubevirt.io/vm-file-restore-operator/internal/controller/phases.go:118.8,118.31 1 0
kubevirt.io/vm-file-restore-operator/internal/controller/phases.go:118.31,120.3 1 0
kubevirt.io/vm-file-restore-operator/internal/controller/phases.go:122.2,122.59 1 0
kubevirt.io/vm-file-restore-operator/internal/controller/phases.go:122.59,124.3 1 0
kubevirt.io/vm-file-restore-operator/internal/controller/phases.go:127.2,129.31 3 0
kubevirt.io/vm-file-restore-operator/internal/controller/phases.go:129.31,131.3 1 0
kubevirt.io/vm-file-restore-operator/internal/controller/phases.go:131.8,133.3 1 0
kubevirt.io/vm-file-restore-operator/internal/controller/phases.go:136.2,136.34 1 0
kubevirt.io/vm-file-restore-operator/internal/controller/phases.go:136.34,138.3 1 0
kubevirt.io/vm-file-restore-operator/internal/controller/phases.go:138.8,138.26 1 0
kubevirt.io/vm-file-restore-operator/internal/controller/phases.go:138.26,140.3 1 0
kubevirt.io/vm-file-restore-operator/internal/controller/phases.go:141.2,141.28 1 0
kubevirt.io/vm-file-restore-operator/internal/controller/phases.go:141.28,143.3 1 0
kubevirt.io/vm-file-restore-operator/internal/controller/phases.go:145.2,145.46 1 0
kubevirt.io/vm-file-restore-operator/internal/controller/phases.go:149.175,177.71 9 0
kubevirt.io/vm-file-restore-operator/internal/controller/phases.go:177.71,180.3 2 0
kubevirt.io/vm-file-restore-operator/internal/controller/phases.go:183.2,189.59 3 0
kubevirt.io/vm-file-restore-operator/internal/controller/phases.go:189.59,191.3 1 0
kubevirt.io/vm-file-restore-operator/internal/controller/phases.go:193.2,193.27 1 0
kubevirt.io/vm-file-restore-operator/internal/controller/phases.go:197.153,202.33 3 0
kubevirt.io/vm-file-restore-operator/internal/controller/phases.go:202.33,204.3 1 0
kubevirt.io/vm-file-restore-operator/internal/controller/phases.go:205.2,205.38 1 0
kubevirt.io/vm-file-restore-operator/internal/controller/phases.go:205.38,207.3 1 0
kubevirt.io/vm-file-restore-operator/internal/controller/phases.go:208.2,208.36 1 0
kubevirt.io/vm-file-restore-operator/internal/controller/phases.go:208.36,210.3 1 0
kubevirt.io/vm-file-restore-operator/internal/controller/phases.go:211.2,211.22 1 0
kubevirt.io/vm-file-restore-operator/internal/controller/phases.go:211.22,213.3 1 0
kubevirt.io/vm-file-restore-operator/internal/controller/phases.go:214.2,214.21 1 0
kubevirt.io/vm-file-restore-operator/internal/controller/phases.go:214.21,216.3 1 0
kubevirt.io/vm-file-restore-operator/internal/controller/phases.go:219.2,224.46 3 0
kubevirt.io/vm-file-restore-operator/internal/controller/phases.go:224.46,225.29 1 0
kubevirt.io/vm-file-restore-operator/internal/controller/phases.go:225.29,227.4 1 0
kubevirt.io/vm-file-restore-operator/internal/controller/phases.go:228.3,228.67 1 0
kubevirt.io/vm-file-restore-operator/internal/controller/phases.go:232.2,237.48 3 0
kubevirt.io/vm-file-restore-operator/internal/controller/phases.go:237.48,238.29 1 0
kubevirt.io/vm-file-restore-operator/internal/controller/phases.go:238.29,240.4 1 0
kubevirt.io/vm-file-restore-operator/internal/controller/phases.go:241.3,241.61 1 0
kubevirt.io/vm-file-restore-operator/internal/controller/phases.go:245.2,245.33 1 0
kubevirt.io/vm-file-restore-operator/internal/controller/phases.go:245.33,248.25 3 0
kubevirt.io/vm-file-restore-operator/internal/controller/phases.go:248.25,251.4 2 0
kubevirt.io/vm-file-restore-operator/internal/controller/phases.go:252.3,256.49 2 0
kubevirt.io/vm-file-restore-operator/internal/controller/phases.go:256.49,257.30 1 0
kubevirt.io/vm-file-restore-operator/internal/controller/phases.go:257.30,259.5 1 0
kubevirt.io/vm-file-restore-operator/internal/controller/phases.go:260.4,260.69 1 0
kubevirt.io/vm-file-restore-operator/internal/controller/phases.go:262.8,262.45 1 0
kubevirt.io/vm-file-restore-operator/internal/controller/phases.go:262.45,267.30 5 0
kubevirt.io/vm-file-restore-operator/internal/controller/phases.go:267.30,269.4 1 0
kubevirt.io/vm-file-restore-operator/internal/controller/phases.go:270.3,274.59 2 0
kubevirt.io/vm-file-restore-operator/internal/controller/phases.go:274.59,275.30 1 0
kubevirt.io/vm-file-restore-operator/internal/controller/phases.go:275.30,277.5 1 0
kubevirt.io/vm-file-restore-operator/internal/controller/phases.go:278.4,278.74 1 0
kubevirt.io/vm-file-restore-operator/internal/controller/phases.go:280.8,280.43 1 0
kubevirt.io/vm-file-restore-operator/internal/controller/phases.go:280.43,282.3 1 0
kubevirt.io/vm-file-restore-operator/internal/controller/phases.go:285.2,291.59 5 0
kubevirt.io/vm-file-restore-operator/internal/controller/phases.go:291.59,294.3 2 0
kubevirt.io/vm-file-restore-operator/internal/controller/phases.go:297.2,297.127 1 0
kubevirt.io/vm-file-restore-operator/internal/controller/phases.go:301.160,310.46 4 0
kubevirt.io/vm-file-restore-operator/internal/controller/phases.go:310.46,312.3 1 0
kubevirt.io/vm-file-restore-operator/internal/controller/phases.go:315.2,315.63 1 0
kubevirt.io/vm-file-restore-operator/internal/controller/phases.go:315.63,317.23 1 0
kubevirt.io/vm-file-restore-operator/internal/controller/phases.go:317.23,320.4 2 0
kubevirt.io/vm-file-restore-operator/internal/controller/phases.go:321.3,321.74 1 0
kubevirt.io/vm-file-restore-operator/internal/controller/phases.go:324.2,330.140 3 0
kubevirt.io/vm-file-restore-operator/internal/controller/phases.go:334.169,339.56 3 0
kubevirt.io/vm-file-restore-operator/internal/controller/phases.go:339.56,343.3 1 0
kubevirt.io/vm-file-restore-operator/internal/controller/phases.go:346.2,351.48 3 0
kubevirt.io/vm-file-restore-operator/internal/controller/phases.go:351.48,353.3 1 0
kubevirt.io/vm-file-restore-operator/internal/controller/phases.go:356.2,358.41 3 0
kubevirt.io/vm-file-restore-operator/internal/controller/phases.go:358.41,359.52 1 0
kubevirt.io/vm-file-restore-operator/internal/controller/phases.go:359.52,361.9 2 0
kubevirt.io/vm-file-restore-operator/internal/controller/phases.go:366.2,366.25 1 0
kubevirt.io/vm-file-restore-operator/internal/controller/phases.go:366.25,369.3 2 0
kubevirt.io/vm-file-restore-operator/internal/controller/phases.go:372.2,372.42 1 0
kubevirt.io/vm-file-restore-operator/internal/controller/phases.go:372.42,375.3 2 0
kubevirt.io/vm-file-restore-operator/internal/controller/phases.go:378.2,378.31 1 0
kubevirt.io/vm-file-restore-operator/internal/controller/phases.go:378.31,381.3 2 0
kubevirt.io/vm-file-restore-operator/internal/controller/phases.go:383.2,386.39 2 0
kubevirt.io/vm-file-restore-operator/internal/controller/phases.go:386.39,389.60 3 0
kubevirt.io/vm-file-restore-operator/internal/controller/phases.go:389.60,391.4 1 0
kubevirt.io/vm-file-restore-operator/internal/controller/phases.go:395.2,395.129 1 0
kubevirt.io/vm-file-restore-operator/internal/controller/phases.go:399.162,404.42 3 0
kubevirt.io/vm-file-restore-operator/internal/controller/phases.go:404.42,408.3 1 0
kubevirt.io/vm-file-restore-operator/internal/controller/phases.go:411.2,416.48 3 0
kubevirt.io/vm-file-restore-operator/internal/controller/phases.go:416.48,418.3 1 0
kubevirt.io/vm-file-restore-operator/internal/controller/phases.go:421.2,422.16 2 0
kubevirt.io/vm-file-restore-operator/internal/controller/phases.go:422.16,424.3 1 0
kubevirt.io/vm-file-restore-operator/internal/controller/phases.go:426.2,434.54 4 0
kubevirt.io/vm-file-restore-operator/internal/controller/phases.go:434.54,436.3 1 0
kubevirt.io/vm-file-restore-operator/internal/controller/phases.go:438.2,439.9 2 0
kubevirt.io/vm-file-restore-operator/internal/controller/phases.go:439.9,441.3 1 0
kubevirt.io/vm-file-restore-operator/internal/controller/phases.go:444.2,445.16 2 0
kubevirt.io/vm-file-restore-operator/internal/controller/phases.go:445.16,448.3 2 0
kubevirt.io/vm-file-restore-operator/internal/controller/phases.go:449.2,454.32 3 0
kubevirt.io/vm-file-restore-operator/internal/controller/phases.go:454.32,457.60 3 0
kubevirt.io/vm-file-restore-operator/internal/controller/phases.go:457.60,459.4 1 0
kubevirt.io/vm-file-restore-operator/internal/controller/phases.go:463.2,467.32 3 0
kubevirt.io/vm-file-restore-operator/internal/controller/phases.go:467.32,471.3 2 0
kubevirt.io/vm-file-restore-operator/internal/controller/phases.go:474.2,475.117 2 0
kubevirt.io/vm-file-restore-operator/internal/controller/phases.go:479.158,488.48 4 0
kubevirt.io/vm-file-restore-operator/internal/controller/phases.go:488.48,490.3 1 0
kubevirt.io/vm-file-restore-operator/internal/controller/phases.go:493.2,494.16 2 0
kubevirt.io/vm-file-restore-operator/internal/controller/phases.go:494.16,496.3 1 0
kubevirt.io/vm-file-restore-operator/internal/controller/phases.go:499.2,504.54 3 0
kubevirt.io/vm-file-restore-operator/internal/controller/phases.go:504.54,506.3 1 0
kubevirt.io/vm-file-restore-operator/internal/controller/phases.go:508.2,509.9 2 0
kubevirt.io/vm-file-restore-operator/internal/controller/phases.go:509.9,511.3 1 0
kubevirt.io/vm-file-restore-operator/internal/controller/phases.go:514.2,515.16 2 0
kubevirt.io/vm-file-restore-operator/internal/controller/phases.go:515.16,517.3 1 0
kubevirt.io/vm-file-restore-operator/internal/controller/phases.go:518.2,529.16 7 0
kubevirt.io/vm-file-restore-operator/internal/controller/phases.go:529.16,532.3 2 0
kubevirt.io/vm-file-restore-operator/internal/controller/phases.go:534.2,539.51 3 0
kubevirt.io/vm-file-restore-operator/internal/controller/phases.go:539.51,542.68 2 0
kubevirt.io/vm-file-restore-operator/internal/controller/phases.go:542.68,544.9 2 0
kubevirt.io/vm-file-restore-operator/internal/controller/phases.go:546.3,546.68 1 0
kubevirt.io/vm-file-restore-operator/internal/controller/phases.go:546.68,548.9 2 0
kubevirt.io/vm-file-restore-operator/internal/controller/phases.go:550.3,550.59 1 0
kubevirt.io/vm-file-restore-operator/internal/controller/phases.go:550.59,552.9 2 0
kubevirt.io/vm-file-restore-operator/internal/controller/phases.go:556.2,563.59 5 0
kubevirt.io/vm-file-restore-operator/internal/controller/phases.go:563.59,566.3 2 0
kubevirt.io/vm-file-restore-operator/internal/controller/phases.go:569.2,574.40 3 0
kubevirt.io/vm-file-restore-operator/internal/controller/phases.go:578.160,582.32 2 0
kubevirt.io/vm-file-restore-operator/internal/controller/phases.go:582.32,585.3 2 0
kubevirt.io/vm-file-restore-operator/internal/controller/phases.go:588.2,589.108 2 0
kubevirt.io/vm-file-restore-operator/internal/controller/phases.go:593.160,601.2 3 0
kubevirt.io/vm-file-restore-operator/internal/controller/phases.go:604.156,613.46 4 0
kubevirt.io/vm-file-restore-operator/internal/controller/phases.go:613.46,614.29 1 0
kubevirt.io/vm-file-restore-operator/internal/controller/phases.go:614.29,617.42 1 0
kubevirt.io/vm-file-restore-operator/internal/controller/phases.go:617.42,621.5 2 0
kubevirt.io/vm-file-restore-operator/internal/controller/phases.go:623.4,623.96 1 0
kubevirt.io/vm-file-restore-operator/internal/controller/phases.go:625.3,625.79 1 0
kubevirt.io/vm-file-restore-operator/internal/controller/phases.go:629.2,629.62 1 0
kubevirt.io/vm-file-restore-operator/internal/controller/phases.go:629.62,631.3 1 0
kubevirt.io/vm-file-restore-operator/internal/controller/phases.go:633.2,642.48 5 0
kubevirt.io/vm-file-restore-operator/internal/controller/phases.go:642.48,643.30 1 0
kubevirt.io/vm-file-restore-operator/internal/controller/phases.go:643.30,645.4 1 0
kubevirt.io/vm-file-restore-operator/internal/controller/phases.go:647.8,649.56 1 0
kubevirt.io/vm-file-restore-operator/internal/controller/phases.go:649.56,650.39 1 0
kubevirt.io/vm-file-restore-operator/internal/controller/phases.go:650.39,653.5 2 0
kubevirt.io/vm-file-restore-operator/internal/controller/phases.go:657.2,664.150 4 0
kubevirt.io/vm-file-restore-operator/internal/controller/ssh.go:21.67,23.14 1 0
kubevirt.io/vm-file-restore-operator/internal/controller/ssh.go:23.14,25.3 1 0
kubevirt.io/vm-file-restore-operator/internal/controller/ssh.go:26.2,26.26 1 0
kubevirt.io/vm-file-restore-operator/internal/controller/ssh.go:26.26,28.3 1 0
kubevirt.io/vm-file-restore-operator/internal/controller/ssh.go:31.2,32.16 2 0
kubevirt.io/vm-file-restore-operator/internal/controller/ssh.go:32.16,34.3 1 0
kubevirt.io/vm-file-restore-operator/internal/controller/ssh.go:37.2,49.16 4 0
kubevirt.io/vm-file-restore-operator/internal/controller/ssh.go:49.16,51.3 1 0
kubevirt.io/vm-file-restore-operator/internal/controller/ssh.go:53.2,53.40 1 0
kubevirt.io/vm-file-restore-operator/internal/controller/ssh.go:60.104,62.16 2 0
kubevirt.io/vm-file-restore-operator/internal/controller/ssh.go:62.16,64.3 1 0
kubevirt.io/vm-file-restore-operator/internal/controller/ssh.go:65.2,73.12 6 0
kubevirt.io/vm-file-restore-operator/internal/controller/ssh.go:73.12,75.3 1 0
kubevirt.io/vm-file-restore-operator/internal/controller/ssh.go:77.2,77.9 1 0
kubevirt.io/vm-file-restore-operator/internal/controller/ssh.go:78.20,83.10 2 0
kubevirt.io/vm-file-restore-operator/internal/controller/ssh.go:84.45,84.45 0 0
kubevirt.io/vm-file-restore-operator/internal/controller/ssh.go:85.16,85.16 0 0
kubevirt.io/vm-file-restore-operator/internal/controller/ssh.go:89.3,89.96 1 0
kubevirt.io/vm-file-restore-operator/internal/controller/ssh.go:90.21,91.53 1 0
kubevirt.io/vm-file-restore-operator/internal/controller/ssh.go:96.35,98.2 1 0
kubevirt.io/vm-file-restore-operator/internal/controller/ssh.go:103.79,104.22 1 1
kubevirt.io/vm-file-restore-operator/internal/controller/ssh.go:104.22,105.56 1 0
kubevirt.io/vm-file-restore-operator/internal/controller/ssh.go:107.2,107.21 1 1
kubevirt.io/vm-file-restore-operator/internal/controller/ssh.go:107.21,108.55 1 0
kubevirt.io/vm-file-restore-operator/internal/controller/ssh.go:111.2,114.25 3 1
kubevirt.io/vm-file-restore-operator/internal/controller/ssh.go:114.25,116.23 1 1
kubevirt.io/vm-file-restore-operator/internal/controller/ssh.go:116.23,119.4 1 1
kubevirt.io/vm-file-restore-operator/internal/controller/ssh.go:119.9,122.4 1 1
kubevirt.io/vm-file-restore-operator/internal/controller/ssh.go:123.8,125.23 1 1
kubevirt.io/vm-file-restore-operator/internal/controller/ssh.go:125.23,128.4 1 1
kubevirt.io/vm-file-restore-operator/internal/controller/ssh.go:128.9,131.4 1 1
kubevirt.io/vm-file-restore-operator/internal/controller/ssh.go:134.2,134.12 1 1
kubevirt.io/vm-file-restore-operator/internal/controller/ssh.go:139.59,140.21 1 1
kubevirt.io/vm-file-restore-operator/internal/controller/ssh.go:140.21,141.59 1 0
kubevirt.io/vm-file-restore-operator/internal/controller/ssh.go:144.2,147.25 3 1
kubevirt.io/vm-file-restore-operator/internal/controller/ssh.go:147.25,150.3 1 1
kubevirt.io/vm-file-restore-operator/internal/controller/ssh.go:150.8,153.3 1 1
kubevirt.io/vm-file-restore-operator/internal/controller/ssh.go:155.2,155.12 1 1
kubevirt.io/vm-file-restore-operator/internal/controller/ssh.go:160.57,161.18 1 1
kubevirt.io/vm-file-restore-operator/internal/controller/ssh.go:161.18,163.3 1 0
kubevirt.io/vm-file-restore-operator/internal/controller/ssh.go:165.2,166.28 2 1
kubevirt.io/vm-file-restore-operator/internal/controller/ssh.go:166.28,168.3 1 1
kubevirt.io/vm-file-restore-operator/internal/controller/ssh.go:171.2,172.38 2 1
kubevirt.io/vm-file-restore-operator/internal/controller/virtualmachinefilerestore_controller.go:63.117,68.70 3 1
kubevirt.io/vm-file-restore-operator/internal/controller/virtualmachinefilerestore_controller.go:68.70,69.29 1 0
kubevirt.io/vm-file-restore-operator/internal/controller/virtualmachinefilerestore_controller.go:69.29,72.4 2 0
kubevirt.io/vm-file-restore-operator/internal/controller/virtualmachinefilerestore_controller.go:73.3,74.28 2 0
kubevirt.io/vm-file-restore-operator/internal/controller/virtualmachinefilerestore_controller.go:77.2,83.47 2 1
kubevirt.io/vm-file-restore-operator/internal/controller/virtualmachinefilerestore_controller.go:83.47,84.69 1 1
kubevirt.io/vm-file-restore-operator/internal/controller/virtualmachinefilerestore_controller.go:84.69,88.56 2 1
kubevirt.io/vm-file-restore-operator/internal/controller/virtualmachinefilerestore_controller.go:88.56,90.5 1 0
kubevirt.io/vm-file-restore-operator/internal/controller/virtualmachinefilerestore_controller.go:93.4,94.36 2 1
kubevirt.io/vm-file-restore-operator/internal/controller/virtualmachinefilerestore_controller.go:94.36,95.20 1 1
kubevirt.io/vm-file-restore-operator/internal/controller/virtualmachinefilerestore_controller.go:95.20,97.74 1 0
kubevirt.io/vm-file-restore-operator/internal/controller/virtualmachinefilerestore_controller.go:97.74,99.34 2 0
kubevirt.io/vm-file-restore-operator/internal/controller/virtualmachinefilerestore_controller.go:99.34,101.8 1 0
kubevirt.io/vm-file-restore-operator/internal/controller/virtualmachinefilerestore_controller.go:102.7,102.15 1 0
kubevirt.io/vm-file-restore-operator/internal/controller/virtualmachinefilerestore_controller.go:105.5,106.56 2 1
kubevirt.io/vm-file-restore-operator/internal/controller/virtualmachinefilerestore_controller.go:106.56,107.11 1 1
kubevirt.io/vm-file-restore-operator/internal/controller/virtualmachinefilerestore_controller.go:108.11,108.39 1 0
kubevirt.io/vm-file-restore-operator/internal/controller/virtualmachinefilerestore_controller.go:108.39,111.6 2 0
kubevirt.io/vm-file-restore-operator/internal/controller/virtualmachinefilerestore_controller.go:113.4,113.59 1 1
kubevirt.io/vm-file-restore-operator/internal/controller/virtualmachinefilerestore_controller.go:115.3,115.28 1 1
kubevirt.io/vm-file-restore-operator/internal/controller/virtualmachinefilerestore_controller.go:119.2,119.69 1 1
kubevirt.io/vm-file-restore-operator/internal/controller/virtualmachinefilerestore_controller.go:119.69,122.54 3 1
kubevirt.io/vm-file-restore-operator/internal/controller/virtualmachinefilerestore_controller.go:122.54,125.4 2 0
kubevirt.io/vm-file-restore-operator/internal/controller/virtualmachinefilerestore_controller.go:126.3,126.41 1 1
kubevirt.io/vm-file-restore-operator/internal/controller/virtualmachinefilerestore_controller.go:130.2,131.68 1 0
kubevirt.io/vm-file-restore-operator/internal/controller/virtualmachinefilerestore_controller.go:131.68,134.3 2 0
kubevirt.io/vm-file-restore-operator/internal/controller/virtualmachinefilerestore_controller.go:137.2,138.20 2 0
kubevirt.io/vm-file-restore-operator/internal/controller/virtualmachinefilerestore_controller.go:138.20,144.3 3 0
kubevirt.io/vm-file-restore-operator/internal/controller/virtualmachinefilerestore_controller.go:146.2,146.39 1 0
kubevirt.io/vm-file-restore-operator/internal/controller/virtualmachinefilerestore_controller.go:150.131,163.16 5 1
kubevirt.io/vm-file-restore-operator/internal/controller/virtualmachinefilerestore_controller.go:163.16,167.17 3 0
kubevirt.io/vm-file-restore-operator/internal/controller/virtualmachinefilerestore_controller.go:167.17,174.18 4 0
kubevirt.io/vm-file-restore-operator/internal/controller/virtualmachinefilerestore_controller.go:174.18,177.36 2 0
kubevirt.io/vm-file-restore-operator/internal/controller/virtualmachinefilerestore_controller.go:177.36,179.6 1 0
kubevirt.io/vm-file-restore-operator/internal/controller/virtualmachinefilerestore_controller.go:179.11,181.20 2 0
kubevirt.io/vm-file-restore-operator/internal/controller/virtualmachinefilerestore_controller.go:181.20,186.24 4 0
kubevirt.io/vm-file-restore-operator/internal/controller/virtualmachinefilerestore_controller.go:186.24,191.8 1 0
kubevirt.io/vm-file-restore-operator/internal/controller/virtualmachinefilerestore_controller.go:199.2,204.16 3 1
kubevirt.io/vm-file-restore-operator/internal/controller/virtualmachinefilerestore_controller.go:204.16,206.3 1 0
kubevirt.io/vm-file-restore-operator/internal/controller/virtualmachinefilerestore_controller.go:208.2,208.12 1 1
kubevirt.io/vm-file-restore-operator/internal/controller/virtualmachinefilerestore_controller.go:212.77,213.31 1 0
kubevirt.io/vm-file-restore-operator/internal/controller/virtualmachinefilerestore_controller.go:213.31,215.3 1 0
kubevirt.io/vm-file-restore-operator/internal/controller/virtualmachinefilerestore_controller.go:216.2,216.42 1 0
kubevirt.io/vm-file-restore-operator/internal/controller/virtualmachinefilerestore_controller.go:220.82,221.23 1 0
kubevirt.io/vm-file-restore-operator/internal/controller/virtualmachinefilerestore_controller.go:221.23,223.3 1 0
kubevirt.io/vm-file-restore-operator/internal/controller/virtualmachinefilerestore_controller.go:225.2,225.40 1 0
kubevirt.io/vm-file-restore-operator/internal/controller/virtualmachinefilerestore_controller.go:225.40,226.42 1 0
kubevirt.io/vm-file-restore-operator/internal/controller/virtualmachinefilerestore_controller.go:226.42,229.4 2 0
kubevirt.io/vm-file-restore-operator/internal/controller/virtualmachinefilerestore_controller.go:231.2,231.49 1 0
kubevirt.io/vm-file-restore-operator/internal/controller/virtualmachinefilerestore_controller.go:235.88,242.2 2 0
