mode: set
kubevirt.io/vm-file-restore-operator/api/v1alpha1/virtualmachinefilerestore_types.go:172.13,174.2 1 0
kubevirt.io/vm-file-restore-operator/api/v1alpha1/zz_generated.deepcopy.go:29.51,31.2 1 0
kubevirt.io/vm-file-restore-operator/api/v1alpha1/zz_generated.deepcopy.go:34.44,35.15 1 0
kubevirt.io/vm-file-restore-operator/api/v1alpha1/zz_generated.deepcopy.go:35.15,37.3 1 0
kubevirt.io/vm-file-restore-operator/api/v1alpha1/zz_generated.deepcopy.go:38.2,40.12 3 0
kubevirt.io/vm-file-restore-operator/api/v1alpha1/zz_generated.deepcopy.go:44.57,46.2 1 0
kubevirt.io/vm-file-restore-operator/api/v1alpha1/zz_generated.deepcopy.go:49.50,50.15 1 0
kubevirt.io/vm-file-restore-operator/api/v1alpha1/zz_generated.deepcopy.go:50.15,52.3 1 0
kubevirt.io/vm-file-restore-operator/api/v1alpha1/zz_generated.deepcopy.go:53.2,55.12 3 0
kubevirt.io/vm-file-restore-operator/api/v1alpha1/zz_generated.deepcopy.go:59.59,61.19 2 0
kubevirt.io/vm-file-restore-operator/api/v1alpha1/zz_generated.deepcopy.go:61.19,65.3 3 0
kubevirt.io/vm-file-restore-operator/api/v1alpha1/zz_generated.deepcopy.go:66.2,66.24 1 0
kubevirt.io/vm-file-restore-operator/api/v1alpha1/zz_generated.deepcopy.go:66.24,70.3 3 0
kubevirt.io/vm-file-restore-operator/api/v1alpha1/zz_generated.deepcopy.go:71.2,71.22 1 0
kubevirt.io/vm-file-restore-operator/api/v1alpha1/zz_generated.deepcopy.go:71.22,75.3 3 0
kubevirt.io/vm-file-restore-operator/api/v1alpha1/zz_generated.deepcopy.go:79.52,80.15 1 0
kubevirt.io/vm-file-restore-operator/api/v1alpha1/zz_generated.deepcopy.go:80.15,82.3 1 0
kubevirt.io/vm-file-restore-operator/api/v1alpha1/zz_generated.deepcopy.go:83.2,85.12 3 0
kubevirt.io/vm-file-restore-operator/api/v1alpha1/zz_generated.deepcopy.go:89.83,95.2 5 0
kubevirt.io/vm-file-restore-operator/api/v1alpha1/zz_generated.deepcopy.go:98.76,99.15 1 0
kubevirt.io/vm-file-restore-operator/api/v1alpha1/zz_generated.deepcopy.go:99.15,101.3 1 0
kubevirt.io/vm-file-restore-operator/api/v1alpha1/zz_generated.deepcopy.go:102.2,104.12 3 0
kubevirt.io/vm-file-restore-operator/api/v1alpha1/zz_generated.deepcopy.go:108.70,109.34 1 0
kubevirt.io/vm-file-restore-operator/api/v1alpha1/zz_generated.deepcopy.go:109.34,111.3 1 0
kubevirt.io/vm-file-restore-operator/api/v1alpha1/zz_generated.deepcopy.go:112.2,112.12 1 0
kubevirt.io/vm-file-restore-operator/api/v1alpha1/zz_generated.deepcopy.go:116.91,120.21 4 0
kubevirt.io/vm-file-restore-operator/api/v1alpha1/zz_generated.deepcopy.go:120.21,123.22 3 0
kubevirt.io/vm-file-restore-operator/api/v1alpha1/zz_generated.deepcopy.go:123.22,125.4 1 0
kubevirt.io/vm-file-restore-operator/api/v1alpha1/zz_generated.deepcopy.go:130.84,131.15 1 0
kubevirt.io/vm-file-restore-operator/api/v1alpha1/zz_generated.deepcopy.go:131.15,133.3 1 0
kubevirt.io/vm-file-restore-operator/api/v1alpha1/zz_generated.deepcopy.go:134.2,136.12 3 0
kubevirt.io/vm-file-restore-operator/api/v1alpha1/zz_generated.deepcopy.go:140.74,141.34 1 0
kubevirt.io/vm-file-restore-operator/api/v1alpha1/zz_generated.deepcopy.go:141.34,143.3 1 0
kubevirt.io/vm-file-restore-operator/api/v1alpha1/zz_generated.deepcopy.go:144.2,144.12 1 0
kubevirt.io/vm-file-restore-operator/api/v1alpha1/zz_generated.deepcopy.go:148.91,152.31 4 0
kubevirt.io/vm-file-restore-operator/api/v1alpha1/zz_generated.deepcopy.go:152.31,156.3 3 0
kubevirt.io/vm-file-restore-operator/api/v1alpha1/zz_generated.deepcopy.go:160.84,161.15 1 0
kubevirt.io/vm-file-restore-operator/api/v1alpha1/zz_generated.deepcopy.go:161.15,163.3 1 0
kubevirt.io/vm-file-restore-operator/api/v1alpha1/zz_generated.deepcopy.go:164.2,166.12 3 0
kubevirt.io/vm-file-restore-operator/api/v1alpha1/zz_generated.deepcopy.go:170.95,172.26 2 0
kubevirt.io/vm-file-restore-operator/api/v1alpha1/zz_generated.deepcopy.go:172.26,175.22 3 0
kubevirt.io/vm-file-restore-operator/api/v1alpha1/zz_generated.deepcopy.go:175.22,177.4 1 0
kubevirt.io/vm-file-restore-operator/api/v1alpha1/zz_generated.deepcopy.go:179.2,179.25 1 0
kubevirt.io/vm-file-restore-operator/api/v1alpha1/zz_generated.deepcopy.go:179.25,182.3 2 0
kubevirt.io/vm-file-restore-operator/api/v1alpha1/zz_generated.deepcopy.go:183.2,183.30 1 0
kubevirt.io/vm-file-restore-operator/api/v1alpha1/zz_generated.deepcopy.go:183.30,186.3 2 0
kubevirt.io/vm-file-restore-operator/api/v1alpha1/zz_generated.deepcopy.go:190.88,191.15 1 0
kubevirt.io/vm-file-restore-operator/api/v1alpha1/zz_generated.deepcopy.go:191.15,193.3 1 0
kubevirt.io/vm-file-restore-operator/api/v1alpha1/zz_generated.deepcopy.go:194.2,196.12 3 0
kubevirt.io/vm-file-restore-operator/api/v1alpha1/zz_generated.deepcopy.go:200.73,202.2 1 0
kubevirt.io/vm-file-restore-operator/api/v1alpha1/zz_generated.deepcopy.go:205.66,206.15 1 0
kubevirt.io/vm-file-restore-operator/api/v1alpha1/zz_generated.deepcopy.go:206.15,208.3 1 0
kubevirt.io/vm-file-restore-operator/api/v1alpha1/zz_generated.deepcopy.go:209.2,211.12 3 0
kubevirt.io/vm-file-restore-operator/cmd/main.go:50.13,55.2 2 0
kubevirt.io/vm-file-restore-operator/cmd/main.go:58.13,98.38 24 0
kubevirt.io/vm-file-restore-operator/cmd/main.go:98.38,101.3 2 0
kubevirt.io/vm-file-restore-operator/cmd/main.go:103.2,103.18 1 0
kubevirt.io/vm-file-restore-operator/cmd/main.go:103.18,105.3 1 0
kubevirt.io/vm-file-restore-operator/cmd/main.go:108.2,113.30 3 0
kubevirt.io/vm-file-restore-operator/cmd/main.go:113.30,122.17 4 0
kubevirt.io/vm-file-restore-operator/cmd/main.go:122.17,125.4 2 0
kubevirt.io/vm-file-restore-operator/cmd/main.go:127.3,127.68 1 0
kubevirt.io/vm-file-restore-operator/cmd/main.go:127.68,129.4 1 0
kubevirt.io/vm-file-restore-operator/cmd/main.go:132.2,146.19 3 0
kubevirt.io/vm-file-restore-operator/cmd/main.go:146.19,152.3 1 0
kubevirt.io/vm-file-restore-operator/cmd/main.go:162.2,162.30 1 0
kubevirt.io/vm-file-restore-operator/cmd/main.go:162.30,171.17 4 0
kubevirt.io/vm-file-restore-operator/cmd/main.go:171.17,174.4 2 0
kubevirt.io/vm-file-restore-operator/cmd/main.go:176.3,176.96 1 0
kubevirt.io/vm-file-restore-operator/cmd/main.go:176.96,178.4 1 0
kubevirt.io/vm-file-restore-operator/cmd/main.go:181.2,200.16 2 0
kubevirt.io/vm-file-restore-operator/cmd/main.go:200.16,203.3 2 0
kubevirt.io/vm-file-restore-operator/cmd/main.go:205.2,208.39 1 0
kubevirt.io/vm-file-restore-operator/cmd/main.go:208.39,211.3 2 0
kubevirt.io/vm-file-restore-operator/cmd/main.go:214.2,214.31 1 0
kubevirt.io/vm-file-restore-operator/cmd/main.go:214.31,216.53 2 0
kubevirt.io/vm-file-restore-operator/cmd/main.go:216.53,219.4 2 0
kubevirt.io/vm-file-restore-operator/cmd/main.go:222.2,222.31 1 0
kubevirt.io/vm-file-restore-operator/cmd/main.go:222.31,224.53 2 0
kubevirt.io/vm-file-restore-operator/cmd/main.go:224.53,227.4 2 0
kubevirt.io/vm-file-restore-operator/cmd/main.go:230.2,230.69 1 0
kubevirt.io/vm-file-restore-operator/cmd/main.go:230.69,233.3 2 0
kubevirt.io/vm-file-restore-operator/cmd/main.go:234.2,234.67 1 0
kubevirt.io/vm-file-restore-operator/cmd/main.go:234.67,237.3 2 0
kubevirt.io/vm-file-restore-operator/cmd/main.go:239.2,240.61 2 0
kubevirt.io/vm-file-restore-operator/cmd/main.go:240.61,243.3 2 0
kubevirt.io/vm-file-restore-operator/test/utils/utils.go:39.27,41.2 1 0
kubevirt.io/vm-file-restore-operator/test/utils/utils.go:44.41,48.42 3 0
kubevirt.io/vm-file-restore-operator/test/utils/utils.go:48.42,50.3 1 0
kubevirt.io/vm-file-restore-operator/test/utils/utils.go:52.2,56.16 5 0
kubevirt.io/vm-file-restore-operator/test/utils/utils.go:56.16,58.3 1 0
kubevirt.io/vm-file-restore-operator/test/utils/utils.go:60.2,60.28 1 0
kubevirt.io/vm-file-restore-operator/test/utils/utils.go:64.40,69.2 4 0
kubevirt.io/vm-file-restore-operator/test/utils/utils.go:72.36,75.36 3 0
kubevirt.io/vm-file-restore-operator/test/utils/utils.go:75.36,77.3 1 0
kubevirt.io/vm-file-restore-operator/test/utils/utils.go:82.39,92.16 4 0
kubevirt.io/vm-file-restore-operator/test/utils/utils.go:92.16,94.3 1 0
kubevirt.io/vm-file-restore-operator/test/utils/utils.go:95.2,96.37 2 0
kubevirt.io/vm-file-restore-operator/test/utils/utils.go:96.37,97.32 1 0
kubevirt.io/vm-file-restore-operator/test/utils/utils.go:97.32,98.35 1 0
kubevirt.io/vm-file-restore-operator/test/utils/utils.go:98.35,100.5 1 0
kubevirt.io/vm-file-restore-operator/test/utils/utils.go:104.2,104.14 1 0
kubevirt.io/vm-file-restore-operator/test/utils/utils.go:108.29,111.36 3 0
kubevirt.io/vm-file-restore-operator/test/utils/utils.go:111.36,113.3 1 0
kubevirt.io/vm-file-restore-operator/test/utils/utils.go:117.33,120.36 3 0
kubevirt.io/vm-file-restore-operator/test/utils/utils.go:120.36,122.3 1 0
kubevirt.io/vm-file-restore-operator/test/utils/utils.go:125.2,132.12 3 0
kubevirt.io/vm-file-restore-operator/test/utils/utils.go:137.40,151.16 4 0
kubevirt.io/vm-file-restore-operator/test/utils/utils.go:151.16,153.3 1 0
kubevirt.io/vm-file-restore-operator/test/utils/utils.go:156.2,157.38 2 0
kubevirt.io/vm-file-restore-operator/test/utils/utils.go:157.38,158.32 1 0
kubevirt.io/vm-file-restore-operator/test/utils/utils.go:158.32,159.35 1 0
kubevirt.io/vm-file-restore-operator/test/utils/utils.go:159.35,161.5 1 0
kubevirt.io/vm-file-restore-operator/test/utils/utils.go:165.2,165.14 1 0
kubevirt.io/vm-file-restore-operator/test/utils/utils.go:169.56,171.47 2 0
kubevirt.io/vm-file-restore-operator/test/utils/utils.go:171.47,173.3 1 0
kubevirt.io/vm-file-restore-operator/test/utils/utils.go:174.2,177.12 4 0
kubevirt.io/vm-file-restore-operator/test/utils/utils.go:182.47,185.35 3 0
kubevirt.io/vm-file-restore-operator/test/utils/utils.go:185.35,186.20 1 0
kubevirt.io/vm-file-restore-operator/test/utils/utils.go:186.20,188.4 1 0
kubevirt.io/vm-file-restore-operator/test/utils/utils.go:191.2,191.12 1 0
kubevirt.io/vm-file-restore-operator/test/utils/utils.go:195.38,197.16 2 0
kubevirt.io/vm-file-restore-operator/test/utils/utils.go:197.16,199.3 1 0
kubevirt.io/vm-file-restore-operator/test/utils/utils.go:200.2,201.16 2 0
kubevirt.io/vm-file-restore-operator/test/utils/utils.go:206.59,210.16 2 0
kubevirt.io/vm-file-restore-operator/test/utils/utils.go:210.16,212.3 1 0
kubevirt.io/vm-file-restore-operator/test/utils/utils.go:213.2,216.13 3 0
kubevirt.io/vm-file-restore-operator/test/utils/utils.go:216.13,218.3 1 0
kubevirt.io/vm-file-restore-operator/test/utils/utils.go:220.2,222.16 3 0
kubevirt.io/vm-file-restore-operator/test/utils/utils.go:222.16,224.3 1 0
kubevirt.io/vm-file-restore-operator/test/utils/utils.go:226.2,227.21 2 0
kubevirt.io/vm-file-restore-operator/test/utils/utils.go:227.21,229.3 1 0
kubevirt.io/vm-file-restore-operator/test/utils/utils.go:230.2,230.6 1 0
kubevirt.io/vm-file-restore-operator/test/utils/utils.go:230.6,231.87 1 0
kubevirt.io/vm-file-restore-operator/test/utils/utils.go:231.87,233.4 1 0
kubevirt.io/vm-file-restore-operator/test/utils/utils.go:235.3,235.22 1 0
kubevirt.io/vm-file-restore-operator/test/utils/utils.go:235.22,236.9 1 0
kubevirt.io/vm-file-restore-operator/test/utils/utils.go:238.3,238.49 1 0
kubevirt.io/vm-file-restore-operator/test/utils/utils.go:238.49,240.4 1 0
kubevirt.io/vm-file-restore-operator/test/utils/utils.go:243.2,243.63 1 0
kubevirt.io/vm-file-restore-operator/test/utils/utils.go:243.63,245.3 1 0
kubevirt.io/vm-file-restore-operator/test/utils/utils.go:249.2,249.65 1 0
kubevirt.io/vm-file-restore-operator/test/utils/utils.go:249.65,251.3 1 0
kubevirt.io/vm-file-restore-operator/test/utils/utils.go:253.2,253.12 1 0
kubevirt.io/vm-file-restore-operator/internal/controller/virtualmachinefilerestore_controller.go:51.117,56.70 3 1
kubevirt.io/vm-file-restore-operator/internal/controller/virtualmachinefilerestore_controller.go:56.70,57.29 1 0
kubevirt.io/vm-file-restore-operator/internal/controller/virtualmachinefilerestore_controller.go:57.29,60.4 2 0
kubevirt.io/vm-file-restore-operator/internal/controller/virtualmachinefilerestore_controller.go:61.3,62.28 2 0
kubevirt.io/vm-file-restore-operator/internal/controller/virtualmachinefilerestore_controller.go:65.2,72.68 2 1
kubevirt.io/vm-file-restore-operator/internal/controller/virtualmachinefilerestore_controller.go:72.68,75.3 2 0
kubevirt.io/vm-file-restore-operator/internal/controller/virtualmachinefilerestore_controller.go:78.2,78.63 1 1
kubevirt.io/vm-file-restore-operator/internal/controller/virtualmachinefilerestore_controller.go:78.63,81.3 2 1
kubevirt.io/vm-file-restore-operator/internal/controller/virtualmachinefilerestore_controller.go:84.2,84.38 1 0
kubevirt.io/vm-file-restore-operator/internal/controller/virtualmachinefilerestore_controller.go:84.38,89.63 5 0
kubevirt.io/vm-file-restore-operator/internal/controller/virtualmachinefilerestore_controller.go:89.63,92.4 2 0
kubevirt.io/vm-file-restore-operator/internal/controller/virtualmachinefilerestore_controller.go:93.3,93.41 1 0
kubevirt.io/vm-file-restore-operator/internal/controller/virtualmachinefilerestore_controller.go:97.2,97.67 1 0
kubevirt.io/vm-file-restore-operator/internal/controller/virtualmachinefilerestore_controller.go:97.67,100.63 3 0
kubevirt.io/vm-file-restore-operator/internal/controller/virtualmachinefilerestore_controller.go:100.63,103.4 2 0
kubevirt.io/vm-file-restore-operator/internal/controller/virtualmachinefilerestore_controller.go:104.3,104.41 1 0
kubevirt.io/vm-file-restore-operator/internal/controller/virtualmachinefilerestore_controller.go:114.2,121.97 3 0
kubevirt.io/vm-file-restore-operator/internal/controller/virtualmachinefilerestore_controller.go:125.124,127.33 2 1
kubevirt.io/vm-file-restore-operator/internal/controller/virtualmachinefilerestore_controller.go:127.33,129.3 1 0
kubevirt.io/vm-file-restore-operator/internal/controller/virtualmachinefilerestore_controller.go:130.2,130.38 1 1
kubevirt.io/vm-file-restore-operator/internal/controller/virtualmachinefilerestore_controller.go:130.38,132.3 1 0
kubevirt.io/vm-file-restore-operator/internal/controller/virtualmachinefilerestore_controller.go:133.2,133.36 1 1
kubevirt.io/vm-file-restore-operator/internal/controller/virtualmachinefilerestore_controller.go:133.36,135.3 1 0
kubevirt.io/vm-file-restore-operator/internal/controller/virtualmachinefilerestore_controller.go:137.2,137.22 1 1
kubevirt.io/vm-file-restore-operator/internal/controller/virtualmachinefilerestore_controller.go:137.22,139.3 1 1
kubevirt.io/vm-file-restore-operator/internal/controller/virtualmachinefilerestore_controller.go:140.2,140.21 1 0
kubevirt.io/vm-file-restore-operator/internal/controller/virtualmachinefilerestore_controller.go:140.21,142.3 1 0
kubevirt.io/vm-file-restore-operator/internal/controller/virtualmachinefilerestore_controller.go:144.2,144.12 1 0
kubevirt.io/vm-file-restore-operator/internal/controller/virtualmachinefilerestore_controller.go:154.24,161.99 5 1
kubevirt.io/vm-file-restore-operator/internal/controller/virtualmachinefilerestore_controller.go:161.99,164.3 2 1
kubevirt.io/vm-file-restore-operator/internal/controller/virtualmachinefilerestore_controller.go:167.2,176.15 2 1
kubevirt.io/vm-file-restore-operator/internal/controller/virtualmachinefilerestore_controller.go:177.45,179.81 2 0
kubevirt.io/vm-file-restore-operator/internal/controller/virtualmachinefilerestore_controller.go:180.42,181.31 1 1
kubevirt.io/vm-file-restore-operator/internal/controller/virtualmachinefilerestore_controller.go:185.2,187.53 2 1
kubevirt.io/vm-file-restore-operator/internal/controller/virtualmachinefilerestore_controller.go:187.53,190.3 2 0
kubevirt.io/vm-file-restore-operator/internal/controller/virtualmachinefilerestore_controller.go:192.2,192.27 1 1
kubevirt.io/vm-file-restore-operator/internal/controller/virtualmachinefilerestore_controller.go:196.82,197.23 1 1
kubevirt.io/vm-file-restore-operator/internal/controller/virtualmachinefilerestore_controller.go:197.23,199.3 1 0
kubevirt.io/vm-file-restore-operator/internal/controller/virtualmachinefilerestore_controller.go:201.2,201.40 1 1
kubevirt.io/vm-file-restore-operator/internal/controller/virtualmachinefilerestore_controller.go:201.40,202.42 1 0
kubevirt.io/vm-file-restore-operator/internal/controller/virtualmachinefilerestore_controller.go:202.42,205.4 2 0
kubevirt.io/vm-file-restore-operator/internal/controller/virtualmachinefilerestore_controller.go:207.2,207.49 1 1
kubevirt.io/vm-file-restore-operator/internal/controller/virtualmachinefilerestore_controller.go:211.88,216.2 1 0
